<?xml version="1.0" encoding="UTF-8"?>
<testsuite xmlns:xsi="http://www.w3.org/2001/XMLSchema-instance" xsi:noNamespaceSchemaLocation="https://maven.apache.org/surefire/maven-surefire-plugin/xsd/surefire-test-report.xsd" version="3.0.2" name="com.clinica.MedPatientService.MedPatientServiceApplicationTests" time="10.016" tests="1" errors="0" skipped="0" failures="0">
  <properties>
[...]
</properties>
  <testcase name="contextLoads" classname="com.clinica.MedPatientService.MedPatientServiceApplicationTests" time="0.385">
    <system-out><![CDATA[13:03:53.547 [main] INFO org.springframework.test.context.support.AnnotationConfigContextLoaderUtils -- Could not detect default configuration classes for test class [com.clinica.MedPatientService.MedPatientServiceApplicationTests]: MedPatientServiceApplicationTests does not declare any static, non-private, non-final, nested classes annotated with @Configuration.
13:03:53.654 [main] INFO org.springframework.boot.test.context.SpringBootTestContextBootstrapper -- Found @SpringBootConfiguration com.clinica.MedPatientService.MedPatientServiceApplication for test class com.clinica.MedPatientService.MedPatientServiceApplicationTests

  .   ____          _            __ _ _
 /\\ / ___'_ __ _ _(_)_ __  __ _ \ \ \ \
( ( )\___ | '_ | '_| | '_ \/ _` | \ \ \ \
 \\/  ___)| |_)| | | | | || (_| |  ) ) ) )
  '  |____| .__|_| |_|_| |_\__, | / / / /
 =========|_|==============|___/=/_/_/_/

 :: Spring Boot ::                (v3.4.1)

2025-02-17T13:03:54.312-03:00  INFO 13036 --- [medpatient-service] [           main] c.c.M.MedPatientServiceApplicationTests  : Starting MedPatientServiceApplicationTests using Java 17.0.10 with PID 13036 (started by 54375 in C:\Users\54375\Desktop\ROAD TO SR DEV\hackacode\clinica_backend\MedPatientService)
2025-02-17T13:03:54.313-03:00  INFO 13036 --- [medpatient-service] [           main] c.c.M.MedPatientServiceApplicationTests  : No active profile set, falling back to 1 default profile: "default"
2025-02-17T13:03:55.455-03:00  INFO 13036 --- [medpatient-service] [           main] .s.d.r.c.RepositoryConfigurationDelegate : Bootstrapping Spring Data JPA repositories in DEFAULT mode.
2025-02-17T13:03:55.625-03:00  INFO 13036 --- [medpatient-service] [           main] .s.d.r.c.RepositoryConfigurationDelegate : Finished Spring Data repository scanning in 158 ms. Found 5 JPA repository interfaces.
2025-02-17T13:03:56.052-03:00  INFO 13036 --- [medpatient-service] [           main] o.s.cloud.context.scope.GenericScope     : BeanFactory id=30c4fdb6-ac39-3179-9e26-594c9ffe80a7
2025-02-17T13:03:56.768-03:00  INFO 13036 --- [medpatient-service] [           main] o.hibernate.jpa.internal.util.LogHelper  : HHH000204: Processing PersistenceUnitInfo [name: default]
2025-02-17T13:03:56.834-03:00  INFO 13036 --- [medpatient-service] [           main] org.hibernate.Version                    : HHH000412: Hibernate ORM core version 6.6.4.Final
2025-02-17T13:03:56.871-03:00  INFO 13036 --- [medpatient-service] [           main] o.h.c.internal.RegionFactoryInitiator    : HHH000026: Second-level cache disabled
2025-02-17T13:03:57.229-03:00  INFO 13036 --- [medpatient-service] [           main] o.s.o.j.p.SpringPersistenceUnitInfo      : No LoadTimeWeaver setup: ignoring JPA class transformer
2025-02-17T13:03:57.276-03:00  INFO 13036 --- [medpatient-service] [           main] com.zaxxer.hikari.HikariDataSource       : HikariPool-1 - Starting...
2025-02-17T13:03:57.544-03:00  INFO 13036 --- [medpatient-service] [           main] com.zaxxer.hikari.pool.HikariPool        : HikariPool-1 - Added connection com.mysql.cj.jdbc.ConnectionImpl@16024b49
2025-02-17T13:03:57.546-03:00  INFO 13036 --- [medpatient-service] [           main] com.zaxxer.hikari.HikariDataSource       : HikariPool-1 - Start completed.
2025-02-17T13:03:57.630-03:00  INFO 13036 --- [medpatient-service] [           main] org.hibernate.orm.connections.pooling    : HHH10001005: Database info:
	Database JDBC URL [Connecting through datasource 'HikariDataSource (HikariPool-1)']
	Database driver: undefined/unknown
	Database version: 8.0.28
	Autocommit mode: undefined/unknown
	Isolation level: undefined/unknown
	Minimum pool size: undefined/unknown
	Maximum pool size: undefined/unknown
2025-02-17T13:03:58.641-03:00  INFO 13036 --- [medpatient-service] [           main] o.h.e.t.j.p.i.JtaPlatformInitiator       : HHH000489: No JTA platform available (set 'hibernate.transaction.jta.platform' to enable JTA platform integration)
2025-02-17T13:03:58.721-03:00  INFO 13036 --- [medpatient-service] [           main] j.LocalContainerEntityManagerFactoryBean : Initialized JPA EntityManagerFactory for persistence unit 'default'
2025-02-17T13:03:59.135-03:00  INFO 13036 --- [medpatient-service] [           main] o.s.d.j.r.query.QueryEnhancerFactory     : Hibernate is in classpath; If applicable, HQL parser will be used.
2025-02-17T13:03:59.956-03:00  WARN 13036 --- [medpatient-service] [           main] JpaBaseConfiguration$JpaWebConfiguration : spring.jpa.open-in-view is enabled by default. Therefore, database queries may be performed during view rendering. Explicitly configure spring.jpa.open-in-view to disable this warning
2025-02-17T13:04:01.007-03:00  INFO 13036 --- [medpatient-service] [           main] o.s.b.a.e.web.EndpointLinksResolver      : Exposing 1 endpoint beneath base path '/actuator'
2025-02-17T13:04:02.388-03:00  INFO 13036 --- [medpatient-service] [           main] DiscoveryClientOptionalArgsConfiguration : Eureka HTTP Client uses RestTemplate.
2025-02-17T13:04:02.483-03:00  WARN 13036 --- [medpatient-service] [           main] iguration$LoadBalancerCaffeineWarnLogger : Spring Cloud LoadBalancer is currently working with the default cache. While this cache implementation is useful for development and tests, it's recommended to use Caffeine cache in production.You can switch to using Caffeine cache, by adding it and org.springframework.cache.caffeine.CaffeineCacheManager to the classpath.
2025-02-17T13:04:02.564-03:00  INFO 13036 --- [medpatient-service] [           main] o.s.c.n.eureka.InstanceInfoFactory       : Setting initial instance status as: STARTING
2025-02-17T13:04:02.589-03:00  INFO 13036 --- [medpatient-service] [           main] com.netflix.discovery.DiscoveryClient    : Initializing Eureka in region us-east-1
2025-02-17T13:04:02.594-03:00  INFO 13036 --- [medpatient-service] [           main] c.n.d.s.r.aws.ConfigClusterResolver      : Resolving eureka endpoints via configuration
2025-02-17T13:04:02.604-03:00  INFO 13036 --- [medpatient-service] [           main] com.netflix.discovery.DiscoveryClient    : Disable delta property : false
2025-02-17T13:04:02.604-03:00  INFO 13036 --- [medpatient-service] [           main] com.netflix.discovery.DiscoveryClient    : Single vip registry refresh property : null
2025-02-17T13:04:02.604-03:00  INFO 13036 --- [medpatient-service] [           main] com.netflix.discovery.DiscoveryClient    : Force full registry fetch : false
2025-02-17T13:04:02.605-03:00  INFO 13036 --- [medpatient-service] [           main] com.netflix.discovery.DiscoveryClient    : Application is null : false
2025-02-17T13:04:02.605-03:00  INFO 13036 --- [medpatient-service] [           main] com.netflix.discovery.DiscoveryClient    : Registered Applications size is zero : true
2025-02-17T13:04:02.605-03:00  INFO 13036 --- [medpatient-service] [           main] com.netflix.discovery.DiscoveryClient    : Application version is -1: true
2025-02-17T13:04:02.605-03:00  INFO 13036 --- [medpatient-service] [           main] com.netflix.discovery.DiscoveryClient    : Getting all instance registry info from the eureka server
2025-02-17T13:04:02.958-03:00  INFO 13036 --- [medpatient-service] [           main] com.netflix.discovery.DiscoveryClient    : The response status is 200
2025-02-17T13:04:02.960-03:00  INFO 13036 --- [medpatient-service] [           main] com.netflix.discovery.DiscoveryClient    : Starting heartbeat executor: renew interval is: 30
2025-02-17T13:04:02.963-03:00  INFO 13036 --- [medpatient-service] [           main] c.n.discovery.InstanceInfoReplicator     : InstanceInfoReplicator onDemand update allowed rate per min is 4
2025-02-17T13:04:02.965-03:00  INFO 13036 --- [medpatient-service] [           main] com.netflix.discovery.DiscoveryClient    : Discovery Client initialized at timestamp 1739808242964 with initial instances count: 2
2025-02-17T13:04:02.975-03:00  INFO 13036 --- [medpatient-service] [           main] o.s.c.n.e.s.EurekaServiceRegistry        : Registering application MEDPATIENT-SERVICE with eureka with status UP
2025-02-17T13:04:02.976-03:00  INFO 13036 --- [medpatient-service] [           main] com.netflix.discovery.DiscoveryClient    : Saw local status change event StatusChangeEvent [timestamp=1739808242976, current=UP, previous=STARTING]
2025-02-17T13:04:02.978-03:00  INFO 13036 --- [medpatient-service] [foReplicator-%d] com.netflix.discovery.DiscoveryClient    : DiscoveryClient_MEDPATIENT-SERVICE/DESKTOP-945EU2D:medpatient-service:8083: registering service...
2025-02-17T13:04:02.994-03:00  INFO 13036 --- [medpatient-service] [           main] c.c.M.MedPatientServiceApplicationTests  : Started MedPatientServiceApplicationTests in 9.047 seconds (process running for 10.07)
2025-02-17T13:04:03.023-03:00  INFO 13036 --- [medpatient-service] [foReplicator-%d] com.netflix.discovery.DiscoveryClient    : DiscoveryClient_MEDPATIENT-SERVICE/DESKTOP-945EU2D:medpatient-service:8083 - registration status: 204
]]></system-out>
  </testcase>
</testsuite>